{
  "RSpec": {
    "coverage": {
      "/home/tireed/workspace/testowanie-aplikacji-ruby/lib/acronym.rb": [
        1,
        1,
        7,
        null,
        null
      ],
      "/home/tireed/workspace/testowanie-aplikacji-ruby/lib/anagram.rb": [
        1,
        1,
        12,
        null,
        1,
        12,
        46,
        null,
        null
      ],
      "/home/tireed/workspace/testowanie-aplikacji-ruby/lib/binary_search.rb": [
        1,
        1,
        null,
        1,
        7,
        1,
        null,
        6,
        null,
        null,
        1,
        6,
        1,
        null,
        5,
        5,
        5,
        null,
        5,
        13,
        3,
        10,
        5,
        null,
        5,
        null,
        8,
        null,
        null,
        null,
        1,
        6,
        null,
        null
      ],
      "/home/tireed/workspace/testowanie-aplikacji-ruby/lib/book_store.rb": [
        1,
        1,
        null,
        1,
        15,
        15,
        14,
        14,
        111,
        14,
        14,
        null,
        null,
        1,
        61992,
        371828,
        61992,
        30444,
        null,
        31548,
        61978,
        61978,
        null,
        null,
        null,
        null,
        1,
        61978,
        61978,
        2078,
        59900,
        4138,
        55762,
        8164,
        47598,
        16050,
        31548,
        31548,
        null,
        null,
        null
      ],
      "/home/tireed/workspace/testowanie-aplikacji-ruby/lib/custom_set.rb": [
        1,
        1,
        null,
        1,
        97,
        null,
        null,
        1,
        3,
        3,
        null,
        null,
        1,
        5,
        null,
        null,
        1,
        4,
        null,
        null,
        1,
        4,
        null,
        null,
        1,
        15,
        null,
        null,
        1,
        10,
        null,
        null,
        1,
        1,
        null,
        null,
        1,
        20,
        null,
        null,
        1,
        22,
        null,
        null
      ],
      "/home/tireed/workspace/testowanie-aplikacji-ruby/lib/hello_world.rb": [
        1,
        1,
        1,
        null,
        null
      ],
      "/home/tireed/workspace/testowanie-aplikacji-ruby/lib/isogram.rb": [
        1,
        1,
        13,
        222,
        null,
        null
      ],
      "/home/tireed/workspace/testowanie-aplikacji-ruby/lib/linked_list.rb": [
        1,
        1,
        1,
        1,
        null,
        1,
        15,
        15,
        15,
        null,
        null,
        null,
        1,
        1,
        6,
        6,
        null,
        null,
        1,
        10,
        10,
        5,
        5,
        null,
        5,
        5,
        5,
        null,
        10,
        null,
        null,
        1,
        6,
        6,
        3,
        3,
        null,
        3,
        3,
        null,
        6,
        null,
        null,
        1,
        9,
        9,
        4,
        4,
        null,
        5,
        5,
        null,
        9,
        null,
        null,
        1,
        5,
        5,
        3,
        3,
        null,
        2,
        2,
        2,
        null,
        5,
        null,
        null
      ],
      "/home/tireed/workspace/testowanie-aplikacji-ruby/lib/matrix.rb": [
        1,
        1,
        null,
        1,
        21,
        6,
        null,
        null
      ],
      "/home/tireed/workspace/testowanie-aplikacji-ruby/lib/nth_prime.rb": [
        1,
        1,
        104764,
        14522512,
        10012,
        null,
        1,
        6,
        1,
        null,
        null,
        5,
        5,
        5,
        104764,
        10012,
        10012,
        5,
        null,
        null,
        104759,
        null,
        null,
        null
      ],
      "/home/tireed/workspace/testowanie-aplikacji-ruby/lib/pangram.rb": [
        1,
        1,
        182,
        null,
        null
      ],
      "/home/tireed/workspace/testowanie-aplikacji-ruby/lib/perfect_numbers.rb": [
        1,
        1,
        4,
        3,
        3,
        26,
        null,
        3,
        1,
        2,
        1,
        null,
        1,
        null,
        null,
        null
      ],
      "/home/tireed/workspace/testowanie-aplikacji-ruby/lib/resistor_color_duo.rb": [
        1,
        1,
        null,
        1,
        5,
        null,
        null
      ],
      "/home/tireed/workspace/testowanie-aplikacji-ruby/lib/simple_linked_list.rb": [
        1,
        1,
        1,
        null,
        1,
        37,
        null,
        null,
        null,
        1,
        1,
        15,
        34,
        null,
        null,
        1,
        32,
        32,
        null,
        null,
        1,
        8,
        null,
        null,
        1,
        6,
        null,
        null,
        1,
        3,
        3,
        null,
        null
      ],
      "/home/tireed/workspace/testowanie-aplikacji-ruby/lib/sum_of_multiples.rb": [
        1,
        1,
        15,
        null,
        null,
        1,
        15,
        2,
        null,
        null,
        13,
        13,
        29,
        72979,
        13923,
        null,
        null,
        null,
        13,
        null,
        null
      ],
      "/home/tireed/workspace/testowanie-aplikacji-ruby/lib/triangle.rb": [
        1,
        1,
        18,
        null,
        1,
        17,
        null,
        1,
        70,
        null,
        1,
        4,
        null,
        1,
        9,
        null,
        1,
        5,
        null,
        null
      ],
      "/home/tireed/workspace/testowanie-aplikacji-ruby/lib/two_fer.rb": [
        1,
        1,
        3,
        null,
        null
      ]
    },
    "timestamp": 1573415243
  }
}
